2020-03-14T07:16:16+00:00 CRITICAL Uncaught Error: Using $this when not in object context in D:\programfiles\xampp\htdocs\salamahaqiqah\wp-content\plugins\themebeez-toolkit\includes\simple-mega-menu\class-simple-mega-menu-fields.php:111
Stack trace:
#0 D:\programfiles\xampp\htdocs\salamahaqiqah\wp-includes\class-wp-hook.php(290): Simple_Mega_Menu_Fields::create_menu_fields(605, Object(WP_Post), 0, Object(stdClass))
#1 D:\programfiles\xampp\htdocs\salamahaqiqah\wp-includes\class-wp-hook.php(312): WP_Hook->apply_filters('', Array)
#2 D:\programfiles\xampp\htdocs\salamahaqiqah\wp-includes\plugin.php(478): WP_Hook->do_action(Array)
#3 D:\programfiles\xampp\htdocs\salamahaqiqah\wp-content\plugins\themebeez-toolkit\includes\simple-mega-menu\class-simple-mega-menu-nav-walker-edit.php(94): do_action('wp_nav_menu_ite...', 605, Object(WP_Post), 0, Object(stdClass), 0)
#4 D:\programfiles\xampp\htdocs\salamahaqiqah\wp-content\plugins\themebeez-toolkit\includes\simple-mega-menu\class-simple-mega-menu-nav-walker-edit.php(56): Simple_Mega_Menu_Nav_Walker_Edi in D:\programfiles\xampp\htdocs\salamahaqiqah\wp-content\plugins\themebeez-toolkit\includes\simple-mega-menu\class-simple-mega-menu-fields.php on line 111

2020-03-14T07:17:12+00:00 CRITICAL Uncaught Error: Using $this when not in object context in D:\programfiles\xampp\htdocs\salamahaqiqah\wp-content\plugins\themebeez-toolkit\includes\simple-mega-menu\class-simple-mega-menu-fields.php:111
Stack trace:
#0 D:\programfiles\xampp\htdocs\salamahaqiqah\wp-includes\class-wp-hook.php(290): Simple_Mega_Menu_Fields::create_menu_fields(605, Object(WP_Post), 0, Object(stdClass))
#1 D:\programfiles\xampp\htdocs\salamahaqiqah\wp-includes\class-wp-hook.php(312): WP_Hook->apply_filters('', Array)
#2 D:\programfiles\xampp\htdocs\salamahaqiqah\wp-includes\plugin.php(478): WP_Hook->do_action(Array)
#3 D:\programfiles\xampp\htdocs\salamahaqiqah\wp-content\plugins\themebeez-toolkit\includes\simple-mega-menu\class-simple-mega-menu-nav-walker-edit.php(94): do_action('wp_nav_menu_ite...', 605, Object(WP_Post), 0, Object(stdClass), 0)
#4 D:\programfiles\xampp\htdocs\salamahaqiqah\wp-content\plugins\themebeez-toolkit\includes\simple-mega-menu\class-simple-mega-menu-nav-walker-edit.php(56): Simple_Mega_Menu_Nav_Walker_Edi in D:\programfiles\xampp\htdocs\salamahaqiqah\wp-content\plugins\themebeez-toolkit\includes\simple-mega-menu\class-simple-mega-menu-fields.php on line 111

2020-03-14T09:57:34+00:00 CRITICAL Uncaught Error: Using $this when not in object context in D:\programfiles\xampp\htdocs\salamahaqiqah\wp-content\plugins\themebeez-toolkit\includes\simple-mega-menu\class-simple-mega-menu-fields.php:111
Stack trace:
#0 D:\programfiles\xampp\htdocs\salamahaqiqah\wp-includes\class-wp-hook.php(290): Simple_Mega_Menu_Fields::create_menu_fields(605, Object(WP_Post), 0, Object(stdClass))
#1 D:\programfiles\xampp\htdocs\salamahaqiqah\wp-includes\class-wp-hook.php(312): WP_Hook->apply_filters('', Array)
#2 D:\programfiles\xampp\htdocs\salamahaqiqah\wp-includes\plugin.php(478): WP_Hook->do_action(Array)
#3 D:\programfiles\xampp\htdocs\salamahaqiqah\wp-content\plugins\themebeez-toolkit\includes\simple-mega-menu\class-simple-mega-menu-nav-walker-edit.php(94): do_action('wp_nav_menu_ite...', 605, Object(WP_Post), 0, Object(stdClass), 0)
#4 D:\programfiles\xampp\htdocs\salamahaqiqah\wp-content\plugins\themebeez-toolkit\includes\simple-mega-menu\class-simple-mega-menu-nav-walker-edit.php(56): Simple_Mega_Menu_Nav_Walker_Edi in D:\programfiles\xampp\htdocs\salamahaqiqah\wp-content\plugins\themebeez-toolkit\includes\simple-mega-menu\class-simple-mega-menu-fields.php on line 111

2020-03-14T10:17:18+00:00 CRITICAL Maximum execution time of 120 seconds exceeded in D:\programfiles\xampp\htdocs\salamahaqiqah\wp-includes\Requests\Transport\cURL.php on line 163

2020-03-14T10:49:22+00:00 CRITICAL Maximum execution time of 120 seconds exceeded in D:\programfiles\xampp\htdocs\salamahaqiqah\wp-includes\Requests\Transport\cURL.php on line 463

